[2024-03-13 12:40:30] local.ERROR: Command "ui" is not defined. {"exception":"[object] (Symfony\\Component\\Console\\Exception\\CommandNotFoundException(code: 0): Command \"ui\" is not defined. at E:\\SI pemrograman framework\\shaquille\\vendor\\symfony\\console\\Application.php:704)
[stacktrace]
#0 E:\\SI pemrograman framework\\shaquille\\vendor\\symfony\\console\\Application.php(260): Symfony\\Component\\Console\\Application->find('ui')
#1 E:\\SI pemrograman framework\\shaquille\\vendor\\symfony\\console\\Application.php(169): Symfony\\Component\\Console\\Application->doRun(Object(Symfony\\Component\\Console\\Input\\ArgvInput), Object(Symfony\\Component\\Console\\Output\\ConsoleOutput))
#2 E:\\SI pemrograman framework\\shaquille\\vendor\\laravel\\framework\\src\\Illuminate\\Foundation\\Console\\Kernel.php(196): Symfony\\Component\\Console\\Application->run(Object(Symfony\\Component\\Console\\Input\\ArgvInput), Object(Symfony\\Component\\Console\\Output\\ConsoleOutput))
#3 E:\\SI pemrograman framework\\shaquille\\vendor\\laravel\\framework\\src\\Illuminate\\Foundation\\Application.php(1183): Illuminate\\Foundation\\Console\\Kernel->handle(Object(Symfony\\Component\\Console\\Input\\ArgvInput), Object(Symfony\\Component\\Console\\Output\\ConsoleOutput))
#4 E:\\SI pemrograman framework\\shaquille\\artisan(13): Illuminate\\Foundation\\Application->handleCommand(Object(Symfony\\Component\\Console\\Input\\ArgvInput))
#5 {main}
"} 
[2024-03-13 13:27:34] local.ERROR: Uncaught ReflectionException: Class "Spark\Http\Middleware\VerifyBillableIsSubscribed" does not exist in Command line code:1
Stack trace:
#0 Command line code(1): ReflectionMethod->__construct('Spark\\Http\\Midd...', 'handle')
#1 {main}
  thrown {"exception":"[object] (Symfony\\Component\\ErrorHandler\\Error\\FatalError(code: 0): Uncaught ReflectionException: Class \"Spark\\Http\\Middleware\\VerifyBillableIsSubscribed\" does not exist in Command line code:1
Stack trace:
#0 Command line code(1): ReflectionMethod->__construct('Spark\\\\Http\\\\Midd...', 'handle')
#1 {main}
  thrown at Command line code:1)
[stacktrace]
#0 {main}
"} 
[2024-03-15 13:24:28] local.ERROR: Uncaught ReflectionException: Class "Spark\Http\Middleware\VerifyBillableIsSubscribed" does not exist in Command line code:1
Stack trace:
#0 Command line code(1): ReflectionMethod->__construct('Spark\\Http\\Midd...', 'handle')
#1 {main}
  thrown {"exception":"[object] (Symfony\\Component\\ErrorHandler\\Error\\FatalError(code: 0): Uncaught ReflectionException: Class \"Spark\\Http\\Middleware\\VerifyBillableIsSubscribed\" does not exist in Command line code:1
Stack trace:
#0 Command line code(1): ReflectionMethod->__construct('Spark\\\\Http\\\\Midd...', 'handle')
#1 {main}
  thrown at Command line code:1)
[stacktrace]
#0 {main}
"} 
